[debug] [2025-02-28T23:40:27.189Z] ----------------------------------------------------------------------
[debug] [2025-02-28T23:40:27.192Z] Command:       C:\Program Files\nodejs\node.exe C:\Users\ssd007\AppData\Roaming\npm\node_modules\firebase-tools\lib\bin\firebase.js login --reauth
[debug] [2025-02-28T23:40:27.192Z] CLI Version:   13.32.0
[debug] [2025-02-28T23:40:27.192Z] Platform:      win32
[debug] [2025-02-28T23:40:27.193Z] Node Version:  v22.14.0
[debug] [2025-02-28T23:40:27.193Z] Time:          Sat Mar 01 2025 07:40:27 GMT+0800 (China Standard Time)
[debug] [2025-02-28T23:40:27.193Z] ----------------------------------------------------------------------
[debug] 
[debug] [2025-02-28T23:40:27.196Z] >>> [apiv2][query] GET https://firebase-public.firebaseio.com/cli.json [none]
[info] 
[info] Visit this URL on this device to log in:
[info] https://accounts.google.com/o/oauth2/auth?client_id=563584335869-fgrhgmd47bqnekij5i8b5pr03ho849e6.apps.googleusercontent.com&scope=email%20openid%20https%3A%2F%2Fwww.googleapis.com%2Fauth%2Fcloudplatformprojects.readonly%20https%3A%2F%2Fwww.googleapis.com%2Fauth%2Ffirebase%20https%3A%2F%2Fwww.googleapis.com%2Fauth%2Fcloud-platform&response_type=code&state=559971598&redirect_uri=http%3A%2F%2Flocalhost%3A9005
[info] 
[info] Waiting for authentication...
[debug] [2025-02-28T23:40:36.766Z] >>> [apiv2][query] POST https://accounts.google.com/o/oauth2/token [none]
[debug] [2025-02-28T23:40:36.767Z] >>> [apiv2][body] POST https://accounts.google.com/o/oauth2/token [omitted]
[warn] !  Unable to fetch the CLI MOTD and remote config. This is not a fatal error, but may indicate an issue with your network connection. 
[debug] [2025-02-28T23:40:49.120Z] Failed to fetch MOTD FirebaseError: TypeError: Converting circular structure to JSON
    --> starting at object with constructor 'ProxyAgent'
    |     property 'httpsAgent' -> object with constructor 'Agent'
    |     property 'sockets' -> object with constructor 'Object'
    |     ...
    |     property '_httpMessage' -> object with constructor 'ClientRequest'
    --- property 'agent' closes the circle
[debug] [2025-02-28T23:40:57.820Z] Token Fetch Error: FirebaseError: TypeError: Converting circular structure to JSON
    --> starting at object with constructor 'ProxyAgent'
    |     property 'httpsAgent' -> object with constructor 'Agent'
    |     property 'sockets' -> object with constructor 'Object'
    |     ...
    |     property '_httpMessage' -> object with constructor 'ClientRequest'
    --- property 'agent' closes the circle
    at RetryOperation._fn (C:\Users\ssd007\AppData\Roaming\npm\node_modules\firebase-tools\lib\apiv2.js:296:88)
    at process.processTicksAndRejections (node:internal/process/task_queues:105:5)
[error] Authentication Error: Your credentials are no longer valid. Please run firebase login --reauth

For CI servers and headless environments, generate a new token with firebase login:ci
[debug] [2025-02-28T23:40:57.840Z] >>> [apiv2][query] POST https://auth.firebase.tools/attest [none]
[debug] [2025-02-28T23:40:57.841Z] >>> [apiv2][body] POST https://auth.firebase.tools/attest {"session_id":"58b408d5-b3fd-4a47-9166-ed419a1eaed9"}
[debug] [2025-02-28T23:41:24.698Z] Error: Timed out.
    at Timeout._onTimeout (C:\Users\ssd007\AppData\Roaming\npm\node_modules\firebase-tools\lib\utils.js:269:49)
    at listOnTimeout (node:internal/timers:594:17)
    at process.processTimers (node:internal/timers:529:7)
[error] 
[error] Error: An unexpected error has occurred.
[debug] [2025-02-28T23:42:13.314Z] ----------------------------------------------------------------------
[debug] [2025-02-28T23:42:13.317Z] Command:       C:\Program Files\nodejs\node.exe C:\Users\ssd007\AppData\Roaming\npm\node_modules\firebase-tools\lib\bin\firebase.js init
[debug] [2025-02-28T23:42:13.317Z] CLI Version:   13.32.0
[debug] [2025-02-28T23:42:13.317Z] Platform:      win32
[debug] [2025-02-28T23:42:13.317Z] Node Version:  v22.14.0
[debug] [2025-02-28T23:42:13.318Z] Time:          Sat Mar 01 2025 07:42:13 GMT+0800 (China Standard Time)
[debug] [2025-02-28T23:42:13.318Z] ----------------------------------------------------------------------
[debug] 
[debug] [2025-02-28T23:42:13.322Z] >>> [apiv2][query] GET https://firebase-public.firebaseio.com/cli.json [none]
[debug] [2025-02-28T23:42:13.334Z] > command requires scopes: ["email","openid","https://www.googleapis.com/auth/cloudplatformprojects.readonly","https://www.googleapis.com/auth/firebase","https://www.googleapis.com/auth/cloud-platform"]
[debug] [2025-02-28T23:42:18.394Z] Error: Timed out.
    at Timeout._onTimeout (C:\Users\ssd007\AppData\Roaming\npm\node_modules\firebase-tools\lib\utils.js:269:49)
    at listOnTimeout (node:internal/timers:594:17)
    at process.processTimers (node:internal/timers:529:7)
[error] 
[error] Error: An unexpected error has occurred.
